This is e-pTeX, Version 3.14159265-p3.8.0-180226-2.6 (utf8.sjis) (TeX Live 2018/W32TeX) (preloaded format=platex 2018.5.10)  29 MAR 2019 20:01
entering extended mode
 \write18 enabled.
 %&-line parsing enabled.
**c:/Users/ugonight/Desktop/report/DTM/dtm_cdproduction/cdproduction
(c:/Users/ugonight/Desktop/report/DTM/dtm_cdproduction/cdproduction.tex
pLaTeX2e <2018-04-01>+1 (based on LaTeX2e <2018-04-01> patch level 4)
Babel <3.20> and hyphenation patterns for 84 language(s) loaded.
(c:/texlive/2018/texmf-dist/tex/platex/jsclasses/jsarticle.cls
Document Class: jsarticle 2018/03/11 jsclasses (okumura, texjporg)
\jsc@mpt=\dimen118
\jsc@mmm=\dimen119
\jsc@smallskipamount=\skip41
LaTeX Info: Redefining \rmfamily on input line 466.
LaTeX Info: Redefining \sffamily on input line 469.
LaTeX Info: Redefining \ttfamily on input line 472.
LaTeX Info: Redefining \textmc on input line 476.
LaTeX Info: Redefining \textgt on input line 478.
\symmincho=\mathgroup4
LaTeX Font Info:    Overwriting symbol font `mincho' in version `bold'
(Font)                  JY1/mc/m/n --> JY1/gt/m/n on input line 540.
LaTeX Font Info:    Font shape `JT1/mc/m/n' will be
(Font)              scaled to size 9.60999pt on input line 731.
LaTeX Font Info:    Font shape `JY1/mc/m/n' will be
(Font)              scaled to size 9.60999pt on input line 731.
\fullwidth=\dimen120
LaTeX Font Info:    Font shape `JT1/mc/m/n' will be
(Font)              scaled to size 7.68799pt on input line 884.
LaTeX Font Info:    Font shape `JY1/mc/m/n' will be
(Font)              scaled to size 7.68799pt on input line 884.
\c@part=\count83
\c@section=\count84
\c@subsection=\count85
\c@subsubsection=\count86
\c@paragraph=\count87
\c@subparagraph=\count88
\@abstractbox=\box42
\c@figure=\count89
\c@table=\count90
\abovecaptionskip=\skip42
\belowcaptionskip=\skip43
\jsc@tocl@width=\dimen121
\@lnumwidth=\dimen122
\bibindent=\dimen123
(c:/texlive/2018/texmf-dist/tex/platex/jsclasses/jslogo.sty
Package: jslogo 2017/02/24 okumura, texjporg
LaTeX Info: Redefining \TeX on input line 94.
LaTeX Info: Redefining \LaTeX on input line 147.
LaTeX Info: Redefining \LaTeXe on input line 200.
)
\heisei=\count91
) (c:/texlive/2018/texmf-dist/tex/latex/amsmath/amsmath.sty
Package: amsmath 2017/09/02 v2.17a AMS math features
\@mathmargin=\skip44

For additional information on amsmath, use the `?' option.
(c:/texlive/2018/texmf-dist/tex/latex/amsmath/amstext.sty
Package: amstext 2000/06/29 v2.01 AMS text
 (c:/texlive/2018/texmf-dist/tex/latex/amsmath/amsgen.sty
File: amsgen.sty 1999/11/30 v2.0 generic functions
\@emptytoks=\toks15
\ex@=\dimen124
)) (c:/texlive/2018/texmf-dist/tex/latex/amsmath/amsbsy.sty
Package: amsbsy 1999/11/29 v1.2d Bold Symbols
\pmbraise@=\dimen125
) (c:/texlive/2018/texmf-dist/tex/latex/amsmath/amsopn.sty
Package: amsopn 2016/03/08 v2.02 operator names
)
\inf@bad=\count92
LaTeX Info: Redefining \frac on input line 213.
\uproot@=\count93
\leftroot@=\count94
LaTeX Info: Redefining \overline on input line 375.
\classnum@=\count95
\DOTSCASE@=\count96
LaTeX Info: Redefining \ldots on input line 472.
LaTeX Info: Redefining \dots on input line 475.
LaTeX Info: Redefining \cdots on input line 596.
\Mathstrutbox@=\box43
\strutbox@=\box44
\big@size=\dimen126
LaTeX Font Info:    Redeclaring font encoding OML on input line 712.
LaTeX Font Info:    Redeclaring font encoding OMS on input line 713.
\macc@depth=\count97
\c@MaxMatrixCols=\count98
\dotsspace@=\muskip10
\c@parentequation=\count99
\dspbrk@lvl=\count100
\tag@help=\toks16
\row@=\count101
\column@=\count102
\maxfields@=\count103
\andhelp@=\toks17
\eqnshift@=\dimen127
\alignsep@=\dimen128
\tagshift@=\dimen129
\tagwidth@=\dimen130
\totwidth@=\dimen131
\lineht@=\dimen132
\@envbody=\toks18
\multlinegap=\skip45
\multlinetaggap=\skip46
\mathdisplay@stack=\toks19
LaTeX Info: Redefining \[ on input line 2817.
LaTeX Info: Redefining \] on input line 2818.
) (c:/texlive/2018/texmf-dist/tex/latex/amsfonts/amssymb.sty
Package: amssymb 2013/01/14 v3.01 AMS font symbols
 (c:/texlive/2018/texmf-dist/tex/latex/amsfonts/amsfonts.sty
Package: amsfonts 2013/01/14 v3.01 Basic AMSFonts support
\symAMSa=\mathgroup5
\symAMSb=\mathgroup6
LaTeX Font Info:    Overwriting math alphabet `\mathfrak' in version `bold'
(Font)                  U/euf/m/n --> U/euf/b/n on input line 106.
)) (c:/texlive/2018/texmf-dist/tex/latex/tools/bm.sty
Package: bm 2017/01/16 v1.2c Bold Symbol Support (DPC/FMi)
\symboldoperators=\mathgroup7
\symboldletters=\mathgroup8
\symboldsymbols=\mathgroup9
\symboldmincho=\mathgroup10
LaTeX Font Info:    Redeclaring math alphabet \mathbf on input line 141.
LaTeX Info: Redefining \bm on input line 207.
) (c:/texlive/2018/texmf-dist/tex/latex/graphics/graphicx.sty
Package: graphicx 2017/06/01 v1.1a Enhanced LaTeX Graphics (DPC,SPQR)
 (c:/texlive/2018/texmf-dist/tex/latex/graphics/keyval.sty
Package: keyval 2014/10/28 v1.15 key=value parser (DPC)
\KV@toks@=\toks20
) (c:/texlive/2018/texmf-dist/tex/latex/graphics/graphics.sty
Package: graphics 2017/06/25 v1.2c Standard LaTeX Graphics (DPC,SPQR)
 (c:/texlive/2018/texmf-dist/tex/latex/graphics/trig.sty
Package: trig 2016/01/03 v1.10 sin cos tan (DPC)
) (c:/texlive/2018/texmf-dist/tex/latex/graphics-cfg/graphics.cfg
File: graphics.cfg 2016/06/04 v1.11 sample graphics configuration
)
Package graphics Info: Driver file: dvips.def on input line 99.
 (c:/texlive/2018/texmf-dist/tex/latex/graphics-def/dvips.def
File: dvips.def 2017/06/20 v3.1d Graphics/color driver for dvips
))
\Gin@req@height=\dimen133
\Gin@req@width=\dimen134
) (c:/texlive/2018/texmf-dist/tex/latex/ascmac/ascmac.sty
Package: ascmac 2018/03/09 v2.0h ascmac wrapper (community edition) 
 (c:/texlive/2018/texmf-dist/tex/latex/ascmac/tascmac.sty
Package: tascmac 2018/03/09 v2.0h ascmac package (community edition) 
\@savetbaselineshift=\dimen135
\@saveybaselineshift=\dimen136
\scb@x=\box45
\scscb@x=\box46
\@bw=\dimen137
\@nbox=\box47
\@nbody=\box48
\@scw=\dimen138
\ascmac@hoboxa=\box49
\ascmac@hoboxb=\box50
\@itemh=\dimen139
\@iboxpos=\toks21
\@iboxstr=\box51
\@bwsp=\box52
\@@bwsp=\box53
\@bcal=\count104
\shaderule=\dimen140
)) (c:/texlive/2018/texmf-dist/tex/latex/url/url.sty
\Urlmuskip=\muskip11
Package: url 2013/09/16  ver 3.4  Verb mode for urls, etc.
) (c:/texlive/2018/texmf-dist/tex/latex/here/here.sty) (c:/texlive/2018/texmf-dist/tex/latex/float/float.sty
Package: float 2001/11/08 v1.3d Float enhancements (AL)
\c@float@type=\count105
\float@exts=\toks22
\float@box=\box54
\@float@everytoks=\toks23
\@floatcapt=\box55
) (./cdproduction.aux)
\openout1 = `cdproduction.aux'.

LaTeX Font Info:    Checking defaults for OML/cmm/m/it on input line 27.
LaTeX Font Info:    ... okay on input line 27.
LaTeX Font Info:    Checking defaults for T1/cmr/m/n on input line 27.
LaTeX Font Info:    ... okay on input line 27.
LaTeX Font Info:    Checking defaults for OT1/cmr/m/n on input line 27.
LaTeX Font Info:    ... okay on input line 27.
LaTeX Font Info:    Checking defaults for OMS/cmsy/m/n on input line 27.
LaTeX Font Info:    ... okay on input line 27.
LaTeX Font Info:    Checking defaults for OMX/cmex/m/n on input line 27.
LaTeX Font Info:    ... okay on input line 27.
LaTeX Font Info:    Checking defaults for U/cmr/m/n on input line 27.
LaTeX Font Info:    ... okay on input line 27.
LaTeX Font Info:    Checking defaults for JY1/mc/m/n on input line 27.
LaTeX Font Info:    ... okay on input line 27.
LaTeX Font Info:    Checking defaults for JT1/mc/m/n on input line 27.
LaTeX Font Info:    ... okay on input line 27.
LaTeX Font Info:    Font shape `JT1/mc/m/n' will be
(Font)              scaled to size 16.60605pt on input line 31.
LaTeX Font Info:    Font shape `JY1/mc/m/n' will be
(Font)              scaled to size 16.60605pt on input line 31.
LaTeX Font Info:    Font shape `JT1/mc/m/n' will be
(Font)              scaled to size 11.53198pt on input line 31.
LaTeX Font Info:    Font shape `JY1/mc/m/n' will be
(Font)              scaled to size 11.53198pt on input line 31.
LaTeX Font Info:    Font shape `JY1/mc/m/n' will be
(Font)              scaled to size 5.76599pt on input line 31.
LaTeX Font Info:    Try loading font information for U+msa on input line 31.
 (c:/texlive/2018/texmf-dist/tex/latex/amsfonts/umsa.fd
File: umsa.fd 2013/01/14 v3.01 AMS symbols A
)
LaTeX Font Info:    Try loading font information for U+msb on input line 31.
 (c:/texlive/2018/texmf-dist/tex/latex/amsfonts/umsb.fd
File: umsb.fd 2013/01/14 v3.01 AMS symbols B
)
LaTeX Font Info:    Font shape `JY1/gt/m/n' will be
(Font)              scaled to size 11.53198pt on input line 31.
LaTeX Font Info:    Font shape `JY1/gt/m/n' will be
(Font)              scaled to size 7.68799pt on input line 31.
LaTeX Font Info:    Font shape `JY1/gt/m/n' will be
(Font)              scaled to size 5.76599pt on input line 31.


LaTeX Warning: No \author given.

LaTeX Font Info:    Font shape `JT1/gt/m/n' will be
(Font)              scaled to size 9.60999pt on input line 34.
LaTeX Font Info:    Font shape `JY1/gt/m/n' will be
(Font)              scaled to size 9.60999pt on input line 34.
LaTeX Font Info:    Font shape `JT1/mc/m/n' will be
(Font)              scaled to size 13.83836pt on input line 34.
LaTeX Font Info:    Font shape `JY1/mc/m/n' will be
(Font)              scaled to size 13.83836pt on input line 34.
LaTeX Font Info:    Font shape `JT1/gt/m/n' will be
(Font)              scaled to size 13.83836pt on input line 34.
LaTeX Font Info:    Font shape `JY1/gt/m/n' will be
(Font)              scaled to size 13.83836pt on input line 34.
(./cdproduction.toc)
\tf@toc=\write3
\openout3 = `cdproduction.toc'.

LaTeX Font Info:    Font shape `JT1/gt/m/n' will be
(Font)              scaled to size 11.53198pt on input line 53.
LaTeX Font Info:    Try loading font information for OMS+cmr on input line 56.
 (c:/texlive/2018/texmf-dist/tex/latex/base/omscmr.fd
File: omscmr.fd 2014/09/29 v2.5h Standard LaTeX font definitions
)
LaTeX Font Info:    Font shape `OMS/cmr/m/n' in size <10> not available
(Font)              Font shape `OMS/cmsy/m/n' tried instead on input line 56.
LaTeX Font Info:    Font shape `JT1/mc/bx/n' in size <10> not available
(Font)              Font shape `JT1/gt/m/n' tried instead on input line 66.
LaTeX Font Info:    Font shape `JT1/gt/m/n' will be
(Font)              scaled to size 9.60999pt on input line 66.
LaTeX Font Info:    Font shape `JY1/mc/bx/n' in size <10> not available
(Font)              Font shape `JY1/gt/m/n' tried instead on input line 66.
LaTeX Font Info:    Font shape `JY1/gt/m/n' will be
(Font)              scaled to size 9.60999pt on input line 66.
 [1

]
LaTeX Font Info:    Font shape `JT1/gt/m/n' will be
(Font)              scaled to size 7.68799pt on input line 110.
 [2]
File: ./image/form01.eps Graphic file (type eps)
 <./image/form01.eps>
LaTeX Font Info:    Font shape `JT1/mc/m/n' will be
(Font)              scaled to size 8.64899pt on input line 114.
LaTeX Font Info:    Font shape `JY1/mc/m/n' will be
(Font)              scaled to size 8.64899pt on input line 114.
File: ./image/form02.eps Graphic file (type eps)
 <./image/form02.eps>
File: ./image/form03.eps Graphic file (type eps)
 <./image/form03.eps> [3] [4]
File: ./image/form04.eps Graphic file (type eps)
 <./image/form04.eps>
File: ./image/form05.eps Graphic file (type eps)
 <./image/form05.eps>
LaTeX Font Info:    Font shape `JY1/mc/m/n' will be
(Font)              scaled to size 6.72699pt on input line 170.
LaTeX Font Info:    Font shape `JY1/mc/m/n' will be
(Font)              scaled to size 4.805pt on input line 170.
LaTeX Font Info:    Font shape `JY1/gt/m/n' will be
(Font)              scaled to size 6.72699pt on input line 170.
LaTeX Font Info:    Font shape `JY1/gt/m/n' will be
(Font)              scaled to size 4.805pt on input line 170.
File: ./image/form06.eps Graphic file (type eps)
 <./image/form06.eps>
Overfull \hbox (2.22221pt too wide) in paragraph at lines 164--178
[][]$[]$[] []$[]$[] 
 []

[5]
LaTeX Font Info:    Font shape `JT1/mc/m/n' will be
(Font)              scaled to size 6.72699pt on input line 193.
LaTeX Font Info:    Font shape `JT1/mc/m/n' will be
(Font)              scaled to size 5.76599pt on input line 193.
File: ./image/format01.eps Graphic file (type eps)
 <./image/format01.eps> [6] [7]
File: ./image/kinpri01.eps Graphic file (type eps)
 <./image/kinpri01.eps>
File: ./image/kinpri02.eps Graphic file (type eps)
 <./image/kinpri02.eps> [8]
File: ./image/kinpri03.eps Graphic file (type eps)
 <./image/kinpri03.eps>
File: ./image/kinpri04.eps Graphic file (type eps)
 <./image/kinpri04.eps> [9]
File: ./image/kinpri05.eps Graphic file (type eps)
 <./image/kinpri05.eps>
Underfull \hbox (badness 1320) in paragraph at lines 310--319
[]\JY1/mc/m/n/10 作成した印刷デ ータを入稿します 。 キングプリンタ ーズのカ ート \OT1/cmr/m/n/10 ($\OT1/cmtt/m/n/10 https : / /
 []

[10]
File: ./image/tdm01.eps Graphic file (type eps)
 <./image/tdm01.eps>
File: ./image/tdm02.eps Graphic file (type eps)
 <./image/tdm02.eps> [11]
File: ./image/tdm03.eps Graphic file (type eps)
 <./image/tdm03.eps>
File: ./image/tdm04.eps Graphic file (type eps)
 <./image/tdm04.eps> [12]
File: ./image/tdm05.eps Graphic file (type eps)
 <./image/tdm05.eps>

LaTeX Warning: Reference `fig:tdm06' on page 13 undefined on input line 379.

File: ./image/tdm06.eps Graphic file (type eps)
<./image/tdm06.eps> [13]

LaTeX Warning: Reference `fig:pp5001' on page 14 undefined on input line 397.

File: ./image/pp5001.eps Graphic file (type eps)
<./image/pp5001.eps>
File: ./image/pp5002.eps Graphic file (type eps)
 <./image/pp5002.eps> [14]
File: ./image/pp5003.eps Graphic file (type eps)
 <./image/pp5003.eps> [15]

LaTeX Warning: Reference `fig:pp5004' on page 16 undefined on input line 428.

File: ./image/pp5004.eps Graphic file (type eps)
<./image/pp5004.eps>
File: ./image/pp5005.eps Graphic file (type eps)
 <./image/pp5005.eps> [16] [17] (./cdproduction.aux)

LaTeX Warning: There were undefined references.


LaTeX Warning: Label(s) may have changed. Rerun to get cross-references right.

 ) 
Here is how much of TeX's memory you used:
 2163 strings out of 493281
 25775 string characters out of 6148126
 94505 words of memory out of 5000000
 6031 multiletter control sequences out of 15000+600000
 25500 words of font info for 112 fonts, out of 8000000 for 9000
 934 hyphenation exceptions out of 8191
 27i,8n,27p,273b,445s stack positions out of 5000i,500n,10000p,200000b,80000s

Output written on cdproduction.dvi (17 pages, 30952 bytes).
